-------------------------------------------------------------------------------
Test set: com.dscode.aplication.StarterProyectSpringMicroservicioApplicationTests
-------------------------------------------------------------------------------
Tests run: 1, Failures: 0, Errors: 1, Skipped: 0, Time elapsed: 1.349 s <<< FAILURE! - in com.dscode.aplication.StarterProyectSpringMicroservicioApplicationTests
contextLoads  Time elapsed: 0.001 s  <<< ERROR!
java.lang.IllegalStateException: Failed to load ApplicationContext
Caused by: org.springframework.beans.factory.UnsatisfiedDependencyException: Error creating bean with name 'indexController': Unsatisfied dependency expressed through field 'convertir'; nested exception is org.springframework.beans.factory.NoUniqueBeanDefinitionException: No qualifying bean of type 'starter.Convertir' available: expected single matching bean but found 2: celAfar,farAcel
Caused by: org.springframework.beans.factory.NoUniqueBeanDefinitionException: No qualifying bean of type 'starter.Convertir' available: expected single matching bean but found 2: celAfar,farAcel

